<?xml version="1.0" encoding="UTF-8" standalone="no"?>
<testsuite errors="0" failures="4" name="io.cucumber.core.plugin.JUnitFormatter" skipped="0" tests="4" time="0.279">
    <testcase classname="Login functionality" name="Ensure user successfully login" time="0.026">
        <failure message="The scenario has pending or undefined step(s)" type="java.lang.Exception"><![CDATA[Given user is on SauceDemo homepage.........................................undefined
When user input standard_user as username...................................skipped
And user input secret_sauce as password.....................................skipped
And user click enter........................................................skipped
Then user verify success login result.......................................skipped
]]></failure>
    </testcase>
    <testcase classname="Login functionality" name="Ensure user successfully login 2" time="0.002">
        <failure message="The scenario has pending or undefined step(s)" type="java.lang.Exception"><![CDATA[Given user is on SauceDemo homepage.........................................undefined
When user input performance_glitch_user as username.........................skipped
And user input secret_sauce as password.....................................skipped
And user click enter........................................................skipped
Then user verify success login result.......................................skipped
]]></failure>
    </testcase>
    <testcase classname="Login functionality" name="Ensure user successfully login 3" time="0.002">
        <failure message="The scenario has pending or undefined step(s)" type="java.lang.Exception"><![CDATA[Given user is on SauceDemo homepage.........................................undefined
When user input failed_user as username.....................................skipped
And user input secret_sauce as password.....................................skipped
And user click enter........................................................skipped
Then user verify failed login result........................................skipped
]]></failure>
    </testcase>
    <testcase classname="Login functionality" name="Ensure user failed login with password null" time="0.001">
        <failure message="The scenario has pending or undefined step(s)" type="java.lang.Exception"><![CDATA[Given user is on SauceDemo homepage.........................................undefined
When user input username....................................................skipped
And user click enter........................................................skipped
Then user verify failed login...............................................skipped
]]></failure>
    </testcase>
</testsuite>
